GROUP,PACKAGE,CLASS,INSTRUCTION_MISSED,INSTRUCTION_COVERED,BRANCH_MISSED,BRANCH_COVERED,LINE_MISSED,LINE_COVERED,COMPLEXITY_MISSED,COMPLEXITY_COVERED,METHOD_MISSED,METHOD_COVERED
mailclena,de.aikiit.mailclena.mail,MailClient.MailClientCommands,0,47,0,6,0,9,0,5,0,2
mailclena,de.aikiit.mailclena.mail,MailClient,26,271,1,12,5,71,1,15,0,9
mailclena,de.aikiit.mailclena,MailClenaParameterParser,0,155,0,14,0,32,0,12,0,5
mailclena,de.aikiit.mailclena,MailClena,0,33,0,2,0,9,0,3,0,2
mailclena,de.aikiit.mailclena,MailClenaParameterParser.MailClenaCommandLineOptions,0,52,0,0,0,11,0,4,0,4
mailclena,de.aikiit.mailclena,MailConfiguration,194,85,46,8,0,7,30,11,3,11
mailclena,de.aikiit.mailclena,MailConfiguration.MailConfigurationBuilder,47,43,4,4,0,1,5,6,1,6
