GROUP,PACKAGE,CLASS,INSTRUCTION_MISSED,INSTRUCTION_COVERED,BRANCH_MISSED,BRANCH_COVERED,LINE_MISSED,LINE_COVERED,COMPLEXITY_MISSED,COMPLEXITY_COVERED,METHOD_MISSED,METHOD_COVERED
mailclena,de.aikiit.mailclena.mail,MailClient,583,547,3,5,16,44,6,11,3,10
mailclena,de.aikiit.mailclena,MailClenaParameterParser,279,503,2,14,1,31,5,12,3,6
mailclena,de.aikiit.mailclena,MailClena,420,0,18,0,15,0,16,0,7,0
mailclena,de.aikiit.mailclena,MailClenaParameterParser.MailClenaCommandLineOptions,100,163,0,2,0,11,3,6,3,5
mailclena,de.aikiit.mailclena,MailConfiguration,878,283,46,10,0,7,33,14,6,13
mailclena,de.aikiit.mailclena,MailConfiguration.MailConfigurationBuilder,100,99,1,1,0,1,5,8,4,8
